<?xml version="1.0" encoding="UTF-8"?>
<testng-results ignored="0" total="1" passed="1" failed="0" skipped="0">
  <reporter-output>
  </reporter-output>
  <suite started-at="2023-05-04T15:22:13 IST" name="Default suite" finished-at="2023-05-04T15:22:39 IST" duration-ms="25478">
    <groups>
    </groups>
    <test started-at="2023-05-04T15:22:13 IST" name="Default test" finished-at="2023-05-04T15:22:39 IST" duration-ms="25478">
      <class name="May3.FacebookTest">
        <test-method is-config="true" signature="launchBrowser()[pri:0, instance:May3.FacebookTest@769e7ee8]" started-at="2023-05-04T15:22:14 IST" name="launchBrowser" finished-at="2023-05-04T15:22:36 IST" duration-ms="22684" status="PASS">
          <reporter-output>
          </reporter-output>
        </test-method> <!-- launchBrowser -->
        <test-method signature="loginWithCredentials()[pri:0, instance:May3.FacebookTest@769e7ee8]" started-at="2023-05-04T15:22:36 IST" name="loginWithCredentials" finished-at="2023-05-04T15:22:39 IST" duration-ms="2570" status="PASS">
          <reporter-output>
          </reporter-output>
        </test-method> <!-- loginWithCredentials -->
      </class> <!-- May3.FacebookTest -->
    </test> <!-- Default test -->
  </suite> <!-- Default suite -->
</testng-results>
